==================== 2026-01-28T11:09:29.872787Z | 28e6d363-0d22-4975-bc8d-3b0491123f2b ====================
11:09:29.872934 [info ]: Starting dbt LSP server
11:09:29.873015 [info ]: Connecting to LSP client on port 8000
11:09:29.878482 [info ]: Successfully connected to LSP client
11:09:29.878530 [info ]: Creating LSP service...
11:09:29.957924 [info ]: Creating LSP server...
11:09:29.957989 [info ]: Starting LSP server...
11:09:29.984699 [info ]: Started loading project
11:09:29.993646 [info ]: Finished loading project [  0.01s]
11:09:57.950733 [info ]: Started loading project
11:09:57.951848 [info ]: Loading profiles.yml
11:09:58.151301 [info ]: Installing packages
11:09:58.153470 [info ]: Installing dbt-labs/dbt_utils
11:09:58.563677 [info ]:  Installed dbt-labs/dbt_utils: 1.3.3
11:09:58.565717 [info ]:  Installed 1 package
11:09:58.565934 [debug]:    Started loading packages
11:09:58.569511 [info ]: Loading profiles.yml
11:09:58.590136 [debug]:     Loaded [  0.02s] packages
11:09:58.590197 [debug]:    Started loading internal packages
11:09:58.617369 [debug]:     Loaded [  0.03s] internal packages
11:09:58.617504 [info ]: Finished loading project [  0.67s]
11:09:58.617873 [info ]: Started parsing
11:09:58.781421 [error]: dbt0102: Deprecated test arguments: ["field", "to"] at top-level detected. Please migrate to the new format under the 'arguments' field: https://docs.getdbt.com/reference/deprecations#missingargumentspropertyingenerictestdeprecation.
  --> models\schema.yml:13:22
11:09:58.808095 [info ]: Finished parsing [  0.19s]
12:49:12.393890 [info ]: Started loading project
12:49:12.395392 [info ]: Loading profiles.yml
12:49:12.432230 [debug]:    Started loading packages
12:49:12.447462 [debug]:     Loaded [  0.02s] packages
12:49:12.447501 [debug]:    Started loading internal packages
12:49:12.460650 [debug]:     Loaded [  0.01s] internal packages
12:49:12.460972 [info ]: Started parsing
12:49:12.498045 [info ]: Finished loading project [  0.10s]
12:49:12.508679 [info ]: Finished parsing [  0.05s]
12:49:12.848271 [info ]: Started loading project
12:49:12.848953 [info ]: Loading profiles.yml
12:49:12.864388 [debug]:    Started loading packages
12:49:12.871924 [debug]:     Loaded [  0.01s] packages
12:49:12.871956 [debug]:    Started loading internal packages
12:49:12.885211 [debug]:     Loaded [  0.01s] internal packages
12:49:12.885498 [info ]: Started parsing
12:49:12.919927 [info ]: Finished loading project [  0.07s]
12:49:12.930336 [info ]: Finished parsing [  0.04s]
12:49:53.994187 [info ]: Started loading project
12:49:53.995303 [info ]: Loading profiles.yml
12:49:54.018354 [debug]:    Started loading packages
12:49:54.027022 [debug]:     Loaded [  0.01s] packages
12:49:54.027056 [debug]:    Started loading internal packages
12:49:54.039071 [debug]:     Loaded [  0.01s] internal packages
12:49:54.039366 [info ]: Started parsing
12:49:54.073047 [info ]: Finished loading project [  0.08s]
12:49:54.124239 [info ]: Finished parsing [  0.08s]
12:49:54.525384 [info ]: Started loading project
12:49:54.526220 [info ]: Loading profiles.yml
12:49:54.542245 [debug]:    Started loading packages
12:49:54.549287 [debug]:     Loaded [  0.01s] packages
12:49:54.549319 [debug]:    Started loading internal packages
12:49:54.562263 [debug]:     Loaded [  0.01s] internal packages
12:49:54.562535 [info ]: Started parsing
12:49:54.596761 [info ]: Finished loading project [  0.07s]
12:49:54.628672 [info ]: Finished parsing [  0.07s]
12:50:12.806945 [info ]: Started loading project
12:50:12.808226 [info ]: Loading profiles.yml
12:50:12.826189 [debug]:    Started loading packages
12:50:12.834931 [debug]:     Loaded [  0.01s] packages
12:50:12.834967 [debug]:    Started loading internal packages
12:50:12.847864 [debug]:     Loaded [  0.01s] internal packages
12:50:12.848319 [info ]: Started parsing
12:50:12.881320 [info ]: Finished loading project [  0.07s]
12:50:12.912154 [error]: dbt1005: Found ambiguous ref('dim_account') pointing to multiple nodes: ['seed.fpabi.dim_account', 'model.fpabi.dim_account']
  --> models\marts\mart_finance__pnl_weekly.sql:11:8
12:50:12.912232 [warn ]: dbt1005: Found ambiguous ref('dim_product') pointing to multiple nodes: ['seed.fpabi.dim_product', 'model.fpabi.dim_product']
  --> generic_tests\relationships_fct_reservation_131f0608f8069601b2ab707fa115085f.sql:1:122
12:50:12.914394 [info ]: Cached model count updated: 12 models (estimate)
12:50:12.914473 [info ]: Cached model count updated: 12 models (accurate)
12:50:12.914613 [info ]: Started scheduling
12:50:12.915138 [info ]: Finished scheduling [  0.00s]
12:50:12.916500 [info ]: Started deferring state
12:50:12.916602 [info ]: Finished deferring state [  0.00s]
12:50:12.918970 [info ]: Started downloading schemas
12:50:12.919168 [debug]: Started downloading relations
12:50:12.919264 [debug]: Finished downloading relations [  0.00s]
12:50:12.919686 [info ]: Finished parsing [  0.07s]
12:50:15.460429 [debug]: Query executed on node unknown:
describe table "FPABI"."RAW"."DIM_ACCOUNT"
12:50:16.010214 [debug]: Query executed on node unknown:
describe table "FPABI"."RAW"."DIM_DATE"
12:50:17.051345 [info ]: Started loading project
12:50:17.052412 [info ]: Loading profiles.yml
12:50:17.056417 [info ]: Finished downloading schemas [  4.14s]
12:50:17.069396 [debug]:    Started loading packages
12:50:17.077254 [debug]:     Loaded [  0.01s] packages
12:50:17.077287 [debug]:    Started loading internal packages
12:50:17.089510 [debug]:     Loaded [  0.01s] internal packages
12:50:17.089778 [info ]: Started parsing
12:50:17.119338 [info ]: Finished loading project [  0.07s]
12:50:17.151191 [error]: dbt1005: Found ambiguous ref('dim_account') pointing to multiple nodes: ['seed.fpabi.dim_account', 'model.fpabi.dim_account']
  --> models\marts\mart_finance__pnl_weekly.sql:11:8
12:50:17.151244 [warn ]: dbt1005: Found ambiguous ref('dim_product') pointing to multiple nodes: ['seed.fpabi.dim_product', 'model.fpabi.dim_product']
  --> generic_tests\relationships_fct_reservation_131f0608f8069601b2ab707fa115085f.sql:1:122
12:50:17.153070 [info ]: Cached model count updated: 12 models (estimate)
12:50:17.153093 [info ]: Cached model count updated: 12 models (accurate)
12:50:17.153168 [info ]: Started scheduling
12:50:17.153372 [info ]: Finished scheduling [  0.00s]
12:50:17.154251 [info ]: Started deferring state
12:50:17.154273 [info ]: Finished deferring state [  0.00s]
12:50:17.154893 [info ]: Started downloading schemas
12:50:17.154964 [debug]: Started downloading relations
12:50:17.154985 [debug]: Finished downloading relations [  0.00s]
12:50:17.155064 [info ]: Finished parsing [  0.07s]
12:50:17.447821 [debug]: Query executed on node unknown:
describe table "FPABI"."RAW"."DIM_ACCOUNT"
12:50:17.685439 [debug]: Query executed on node unknown:
describe table "FPABI"."RAW"."DIM_DATE"
12:50:18.503297 [debug]: Query executed on node unknown:
describe table "FPABI"."RAW"."DIM_ENTITY"
12:50:18.756657 [debug]: Query executed on node unknown:
describe table "FPABI"."RAW"."F_BANK_TXN"
12:50:18.782757 [debug]: Query executed on node unknown:
describe table "FPABI"."RAW"."DIM_PRODUCT"
12:50:19.020582 [debug]: Query executed on node unknown:
describe table "FPABI"."RAW"."F_GL_ENTRY"
12:50:19.361903 [debug]: Query executed on node unknown:
describe table "FPABI"."RAW"."F_PLAN"
12:50:19.608992 [debug]: Query executed on node unknown:
describe table "FPABI"."RAW"."F_SALES_LINE"
12:50:19.812032 [debug]: Query executed on node unknown:
describe table "FPABI"."RAW"."T_ACCESS"
12:50:20.876001 [warn ]: dbt1014: Failed to download source schema for 'source.fpabi.raw.dim_account'. Setting 'static_analysis' to off. Skipping analysis for 'model.fpabi.dim_account': [Snowflake] 002003 (02000): SQL compilation error:
Schema 'FPABI.RAW' does not exist or not authorized.
12:50:20.876200 [warn ]: dbt1014: Failed to download source schema for 'source.fpabi.raw.dim_date'. Setting 'static_analysis' to off. Skipping analysis for 'model.fpabi.dim_date': [Snowflake] 002003 (02000): SQL compilation error:
Schema 'FPABI.RAW' does not exist or not authorized.
12:50:20.876233 [warn ]: dbt1014: Failed to download source schema for 'source.fpabi.raw.dim_entity'. Setting 'static_analysis' to off. Skipping analysis for 'model.fpabi.mart_finance__cash_inflow_13w': [Snowflake] 002003 (02000): SQL compilation error:
Schema 'FPABI.RAW' does not exist or not authorized.
12:50:20.876256 [warn ]: dbt1014: Failed to download source schema for 'source.fpabi.raw.dim_product'. Setting 'static_analysis' to off. Skipping analysis for 'model.fpabi.dim_product': [Snowflake] 002003 (02000): SQL compilation error:
Schema 'FPABI.RAW' does not exist or not authorized.
12:50:20.876276 [warn ]: dbt1014: Failed to download source schema for 'source.fpabi.raw.f_bank_txn'. Setting 'static_analysis' to off. Skipping analysis for 'model.fpabi.stg_fin_bank_txn': [Snowflake] 002003 (02000): SQL compilation error:
Schema 'FPABI.RAW' does not exist or not authorized.
12:50:20.876294 [warn ]: dbt1014: Failed to download source schema for 'source.fpabi.raw.f_gl_entry'. Setting 'static_analysis' to off. Skipping analysis for 'model.fpabi.stg_nav_gl_entry': [Snowflake] 002003 (02000): SQL compilation error:
Schema 'FPABI.RAW' does not exist or not authorized.
12:50:20.876311 [warn ]: dbt1014: Failed to download source schema for 'source.fpabi.raw.f_plan'. Setting 'static_analysis' to off. Skipping analysis for 'model.fpabi.stg_fin_plan': [Snowflake] 002003 (02000): SQL compilation error:
Schema 'FPABI.RAW' does not exist or not authorized.
12:50:20.876329 [warn ]: dbt1014: Failed to download source schema for 'source.fpabi.raw.f_sales_line'. Setting 'static_analysis' to off. Skipping analysis for 'model.fpabi.stg_res_sales_line': [Snowflake] 002003 (02000): SQL compilation error:
Schema 'FPABI.RAW' does not exist or not authorized.
12:50:20.876345 [warn ]: dbt1014: Failed to download source schema for 'source.fpabi.raw.t_access'. Setting 'static_analysis' to off. Skipping analysis for 'model.fpabi.stg_fin_access': [Snowflake] 002003 (02000): SQL compilation error:
Schema 'FPABI.RAW' does not exist or not authorized.
12:50:21.023743 [info ]: Started building task graph
12:50:21.024234 [info ]: Finished building task graph [  0.00s]
12:50:21.024671 [info ]: Started rendering (29 nodes)
12:50:21.024734 [info ]: Started seed DBT_RAW.t_access
12:50:21.024784 [debug]: Started rendering seed DBT_RAW.t_access
12:50:21.024826 [info ]: Started seed DBT_RAW.f_sales_line
12:50:21.024835 [debug]: Started rendering seed DBT_RAW.f_sales_line
12:50:21.024842 [info ]: Started seed DBT_RAW.f_plan
12:50:21.024847 [debug]: Started rendering seed DBT_RAW.f_plan
12:50:21.024852 [info ]: Started seed DBT_RAW.f_gl_entry
12:50:21.024855 [debug]: Started rendering seed DBT_RAW.f_gl_entry
12:50:21.024862 [info ]: Started seed DBT_RAW.f_bank_txn
12:50:21.024866 [debug]: Started rendering seed DBT_RAW.f_bank_txn
12:50:21.024871 [info ]: Started seed DBT_RAW.f_assumption_values
12:50:21.024875 [debug]: Started rendering seed DBT_RAW.f_assumption_values
12:50:21.024870 [info ]: Finished downloading schemas [  3.87s]
12:50:21.024880 [info ]: Started seed DBT_RAW.f_ar_invoice
12:50:21.024883 [debug]: Started rendering seed DBT_RAW.f_ar_invoice
12:50:21.024888 [info ]: Started seed DBT_RAW.f_ap_invoice
12:50:21.024891 [debug]: Started rendering seed DBT_RAW.f_ap_invoice
12:50:21.024897 [info ]: Started seed DBT_RAW.dim_region
12:50:21.024900 [debug]: Started rendering seed DBT_RAW.dim_region
12:50:21.024905 [info ]: Started seed DBT_RAW.dim_product
12:50:21.024908 [debug]: Started rendering seed DBT_RAW.dim_product
12:50:21.024913 [info ]: Started seed DBT_RAW.dim_entity
12:50:21.024916 [debug]: Started rendering seed DBT_RAW.dim_entity
12:50:21.024921 [info ]: Started seed DBT_RAW.dim_date
12:50:21.024924 [debug]: Started rendering seed DBT_RAW.dim_date
12:50:21.024929 [info ]: Started seed DBT_RAW.dim_customer
12:50:21.024934 [debug]: Started rendering seed DBT_RAW.dim_customer
12:50:21.024939 [info ]: Started seed DBT_RAW.dim_cost_center
12:50:21.024943 [debug]: Started rendering seed DBT_RAW.dim_cost_center
12:50:21.024947 [info ]: Started seed DBT_RAW.dim_channel
12:50:21.024950 [debug]: Started rendering seed DBT_RAW.dim_channel
12:50:21.024958 [info ]: Started seed DBT_RAW.dim_assumption
12:50:21.024961 [debug]: Started rendering seed DBT_RAW.dim_assumption
12:50:21.024965 [info ]: Started seed DBT_RAW.dim_account
12:50:21.024969 [debug]: Started rendering seed DBT_RAW.dim_account
12:50:21.024982 [info ]: Started model DBT_STG.stg_fin_plan
12:50:21.024986 [debug]: Started rendering model DBT_STG.stg_fin_plan
12:50:21.024991 [info ]: Started model DBT_STG.stg_fin_access
12:50:21.024995 [debug]: Started rendering model DBT_STG.stg_fin_access
12:50:21.025000 [info ]: Started model DBT_CORE.dim_product
12:50:21.025003 [debug]: Started rendering model DBT_CORE.dim_product
12:50:21.025008 [info ]: Started model DBT_CORE.dim_date
12:50:21.025012 [debug]: Started rendering model DBT_CORE.dim_date
12:50:21.025018 [info ]: Started model DBT_CORE.dim_account
12:50:21.025021 [debug]: Started rendering model DBT_CORE.dim_account
12:50:21.025027 [info ]: Started model DBT_MART.mart_finance__pvm_weekly
12:50:21.025030 [debug]: Started rendering model DBT_MART.mart_finance__pvm_weekly
12:50:21.025034 [info ]: Started model DBT_MART.mart_finance__pnl_weekly
12:50:21.025037 [debug]: Started rendering model DBT_MART.mart_finance__pnl_weekly
12:50:21.025047 [info ]: Started model DBT_STG.stg_nav_gl_entry
12:50:21.025050 [debug]: Started rendering model DBT_STG.stg_nav_gl_entry
12:50:21.025055 [info ]: Started model DBT_MART.mart_finance__cash_inflow_13w
12:50:21.025058 [debug]: Started rendering model DBT_MART.mart_finance__cash_inflow_13w
12:50:21.025063 [info ]: Started model DBT_STG.stg_fin_bank_txn
12:50:21.025066 [debug]: Started rendering model DBT_STG.stg_fin_bank_txn
12:50:21.025075 [info ]: Started model DBT_CORE.fct_reservation
12:50:21.025079 [debug]: Started rendering model DBT_CORE.fct_reservation
12:50:21.025085 [info ]: Started model DBT_STG.stg_res_sales_line
12:50:21.025088 [debug]: Started rendering model DBT_STG.stg_res_sales_line
12:50:21.029427 [info ]:     Failed [  0.00s] model DBT_MART.mart_finance__pnl_weekly (table)
12:50:21.029516 [debug]: Finished rendering [  0.00s] model DBT_MART.mart_finance__pnl_weekly [error]
12:50:21.029603 [error]: dbt1501: Failed to render SQL not a key type: ref not found for package: fpabi, model: dim_account, version: None
(in models\marts\mart_finance__pnl_weekly.sql:11:8)
  --> models\marts\mart_finance__pnl_weekly.sql:11:8
12:50:21.040697 [info ]:  Succeeded [  0.01s] model DBT_MART.mart_finance__cash_inflow_13w (table)
12:50:21.040796 [debug]: Finished rendering [  0.02s] model DBT_MART.mart_finance__cash_inflow_13w [success]
12:50:21.044961 [info ]:  Succeeded [  0.02s] model DBT_CORE.fct_reservation (table)
12:50:21.045048 [debug]: Finished rendering [  0.02s] model DBT_CORE.fct_reservation [success]
12:50:21.056376 [info ]:  Succeeded [  0.03s] model DBT_STG.stg_res_sales_line (view)
12:50:21.056467 [debug]: Finished rendering [  0.03s] model DBT_STG.stg_res_sales_line [success]
12:50:21.057008 [info ]:  Succeeded [  0.03s] model DBT_STG.stg_nav_gl_entry (view)
12:50:21.057066 [debug]: Finished rendering [  0.03s] model DBT_STG.stg_nav_gl_entry [success]
12:50:21.057125 [info ]:  Succeeded [  0.03s] model DBT_STG.stg_fin_access (view)
12:50:21.057143 [debug]: Finished rendering [  0.03s] model DBT_STG.stg_fin_access [success]
12:50:21.057183 [info ]:  Succeeded [  0.03s] model DBT_MART.mart_finance__pvm_weekly (table)
12:50:21.057196 [debug]: Finished rendering [  0.03s] model DBT_MART.mart_finance__pvm_weekly [success]
12:50:21.060460 [info ]:  Succeeded [  0.04s] model DBT_STG.stg_fin_plan (view)
12:50:21.060522 [info ]:  Succeeded [  0.04s] model DBT_STG.stg_fin_bank_txn (view)
12:50:21.060537 [debug]: Finished rendering [  0.04s] model DBT_STG.stg_fin_bank_txn [success]
12:50:21.060562 [debug]: Finished rendering [  0.04s] model DBT_STG.stg_fin_plan [success]
12:50:21.065865 [debug]: Finished rendering [  0.04s] seed DBT_RAW.dim_cost_center [success]
12:50:21.065957 [info ]: Started analyzing (17 nodes)
12:50:21.065975 [debug]: Started analyzing seed DBT_RAW.dim_cost_center
12:50:21.066005 [debug]: Finished rendering [  0.04s] seed DBT_RAW.dim_entity [success]
12:50:21.066053 [debug]: Started analyzing seed DBT_RAW.dim_entity
12:50:21.066184 [info ]:  Succeeded [  0.04s] seed  DBT_RAW.dim_entity (table)
12:50:21.066221 [debug]: Finished analyzing [  0.00s] seed DBT_RAW.dim_entity [success]
12:50:21.066250 [info ]:  Succeeded [  0.04s] seed  DBT_RAW.dim_cost_center (table)
12:50:21.066262 [debug]: Finished analyzing [  0.00s] seed DBT_RAW.dim_cost_center [success]
12:50:21.067014 [debug]: Finished rendering [  0.04s] seed DBT_RAW.dim_account [success]
12:50:21.067052 [debug]: Started analyzing seed DBT_RAW.dim_account
12:50:21.067089 [info ]:  Succeeded [  0.04s] seed  DBT_RAW.dim_account (table)
12:50:21.067104 [debug]: Finished analyzing [  0.00s] seed DBT_RAW.dim_account [success]
12:50:21.067342 [debug]: Finished rendering [  0.04s] seed DBT_RAW.f_assumption_values [success]
12:50:21.067387 [debug]: Started analyzing seed DBT_RAW.f_assumption_values
12:50:21.067423 [info ]:  Succeeded [  0.04s] seed  DBT_RAW.f_assumption_values (table)
12:50:21.067439 [debug]: Finished analyzing [  0.00s] seed DBT_RAW.f_assumption_values [success]
12:50:21.067967 [debug]: Finished rendering [  0.04s] seed DBT_RAW.dim_channel [success]
12:50:21.068007 [debug]: Started analyzing seed DBT_RAW.dim_channel
12:50:21.068041 [info ]:  Succeeded [  0.04s] seed  DBT_RAW.dim_channel (table)
12:50:21.068054 [debug]: Finished analyzing [  0.00s] seed DBT_RAW.dim_channel [success]
12:50:21.068444 [debug]: Finished rendering [  0.04s] seed DBT_RAW.dim_assumption [success]
12:50:21.068479 [debug]: Started analyzing seed DBT_RAW.dim_assumption
12:50:21.068517 [info ]:  Succeeded [  0.04s] seed  DBT_RAW.dim_assumption (table)
12:50:21.068540 [debug]: Finished analyzing [  0.00s] seed DBT_RAW.dim_assumption [success]
12:50:21.068561 [debug]: Finished rendering [  0.04s] seed DBT_RAW.dim_region [success]
12:50:21.068576 [debug]: Started analyzing seed DBT_RAW.dim_region
12:50:21.068607 [info ]:  Succeeded [  0.04s] seed  DBT_RAW.dim_region (table)
12:50:21.068622 [debug]: Finished analyzing [  0.00s] seed DBT_RAW.dim_region [success]
12:50:21.069128 [debug]: Finished rendering [  0.04s] seed DBT_RAW.t_access [success]
12:50:21.069172 [debug]: Started analyzing seed DBT_RAW.t_access
12:50:21.069220 [info ]:  Succeeded [  0.04s] seed  DBT_RAW.t_access (table)
12:50:21.069233 [debug]: Finished analyzing [  0.00s] seed DBT_RAW.t_access [success]
12:50:21.070054 [debug]: Finished rendering [  0.05s] seed DBT_RAW.dim_product [success]
12:50:21.070094 [debug]: Started analyzing seed DBT_RAW.dim_product
12:50:21.070124 [info ]:  Succeeded [  0.04s] seed  DBT_RAW.dim_product (table)
12:50:21.070139 [debug]: Finished analyzing [  0.00s] seed DBT_RAW.dim_product [success]
12:50:21.072230 [debug]: Finished rendering [  0.05s] seed DBT_RAW.dim_customer [success]
12:50:21.072277 [debug]: Started analyzing seed DBT_RAW.dim_customer
12:50:21.072316 [info ]:  Succeeded [  0.05s] seed  DBT_RAW.dim_customer (table)
12:50:21.072333 [debug]: Finished analyzing [  0.00s] seed DBT_RAW.dim_customer [success]
12:50:21.073003 [debug]: Finished rendering [  0.05s] seed DBT_RAW.f_plan [success]
12:50:21.073053 [debug]: Started analyzing seed DBT_RAW.f_plan
12:50:21.073092 [info ]:  Succeeded [  0.05s] seed  DBT_RAW.f_plan (table)
12:50:21.073107 [debug]: Finished analyzing [  0.00s] seed DBT_RAW.f_plan [success]
12:50:21.073123 [debug]: Finished rendering [  0.05s] seed DBT_RAW.dim_date [success]
12:50:21.073142 [debug]: Started analyzing seed DBT_RAW.dim_date
12:50:21.073182 [info ]:  Succeeded [  0.05s] seed  DBT_RAW.dim_date (table)
12:50:21.073193 [debug]: Finished analyzing [  0.00s] seed DBT_RAW.dim_date [success]
12:50:21.111953 [debug]: Finished rendering [  0.09s] seed DBT_RAW.f_gl_entry [success]
12:50:21.112008 [debug]: Started analyzing seed DBT_RAW.f_gl_entry
12:50:21.112043 [info ]:  Succeeded [  0.09s] seed  DBT_RAW.f_gl_entry (table)
12:50:21.112059 [debug]: Finished analyzing [  0.00s] seed DBT_RAW.f_gl_entry [success]
12:50:21.128086 [debug]: Finished rendering [  0.10s] seed DBT_RAW.f_ap_invoice [success]
12:50:21.128149 [debug]: Started analyzing seed DBT_RAW.f_ap_invoice
12:50:21.128185 [info ]:  Succeeded [  0.10s] seed  DBT_RAW.f_ap_invoice (table)
12:50:21.128199 [debug]: Finished analyzing [  0.00s] seed DBT_RAW.f_ap_invoice [success]
12:50:21.130651 [debug]: Finished rendering [  0.11s] seed DBT_RAW.f_bank_txn [success]
12:50:21.130684 [debug]: Started analyzing seed DBT_RAW.f_bank_txn
12:50:21.130711 [info ]:  Succeeded [  0.10s] seed  DBT_RAW.f_bank_txn (table)
12:50:21.130728 [debug]: Finished analyzing [  0.00s] seed DBT_RAW.f_bank_txn [success]
12:50:21.208139 [debug]: Finished rendering [  0.18s] seed DBT_RAW.f_ar_invoice [success]
12:50:21.208191 [debug]: Started analyzing seed DBT_RAW.f_ar_invoice
12:50:21.208224 [info ]:  Succeeded [  0.18s] seed  DBT_RAW.f_ar_invoice (table)
12:50:21.208240 [debug]: Finished analyzing [  0.00s] seed DBT_RAW.f_ar_invoice [success]
12:50:21.223216 [debug]: Finished rendering [  0.20s] seed DBT_RAW.f_sales_line [success]
12:50:21.223266 [debug]: Started analyzing seed DBT_RAW.f_sales_line
12:50:21.223315 [info ]:  Succeeded [  0.20s] seed  DBT_RAW.f_sales_line (table)
12:50:21.223328 [debug]: Finished analyzing [  0.00s] seed DBT_RAW.f_sales_line [success]
12:50:21.223334 [info ]: Finished analyzing [  0.16s] (17 nodes, 0 skipped, 0 errors)
12:53:08.748767 [info ]: Loading profiles.yml
12:56:55.375053 [info ]: Loading profiles.yml
==================== 2026-01-29T13:43:14.606943Z | 70a48a06-fef4-4730-a60a-b343ccf12003 ====================
13:43:14.607063 [info ]: Starting dbt LSP server
13:43:14.607130 [info ]: Connecting to LSP client on port 8000
13:43:14.610318 [info ]: Successfully connected to LSP client
13:43:14.610357 [info ]: Creating LSP service...
13:43:14.661627 [info ]: Creating LSP server...
13:43:14.661660 [info ]: Starting LSP server...
13:43:14.699231 [info ]: Started loading project
13:43:14.703839 [info ]: Loading profiles.yml
13:43:14.741961 [debug]:    Started loading packages
13:43:14.757105 [debug]:     Loaded [  0.02s] packages
13:43:14.757172 [debug]:    Started loading internal packages
13:43:14.773758 [debug]:     Loaded [  0.02s] internal packages
13:43:14.774172 [info ]: Started parsing
13:43:14.838738 [info ]: Finished loading project [  0.14s]
13:43:14.889105 [info ]: Finished parsing [  0.11s]
13:43:14.890794 [info ]: Cached model count updated: 14 models (estimate)
13:43:14.890816 [info ]: Cached model count updated: 14 models (accurate)
13:43:14.890915 [info ]: Started scheduling
13:43:14.891218 [info ]: Finished scheduling [  0.00s]
13:43:14.892210 [info ]: Started deferring state
13:43:14.892247 [info ]: Finished deferring state [  0.00s]
13:43:14.893823 [info ]: Started downloading schemas
13:43:14.893957 [debug]: Started downloading relations
13:43:14.894020 [debug]: Finished downloading relations [  0.00s]
13:43:15.270434 [info ]: Loading profiles.yml
13:43:16.530510 [debug]: Query executed on node unknown:
describe table "FPABI"."DBT_RAW"."DIM_ACCOUNT"
13:43:16.650262 [debug]: Query executed on node unknown:
describe table "FPABI"."DBT_RAW"."DIM_DATE"
13:43:16.773741 [debug]: Query executed on node unknown:
describe table "FPABI"."DBT_RAW"."DIM_ENTITY"
13:43:16.836108 [debug]: Query executed on node unknown:
describe table "FPABI"."DBT_RAW"."DIM_PRODUCT"
13:43:16.915664 [debug]: Query executed on node unknown:
describe table "FPABI"."DBT_RAW"."F_BANK_TXN"
13:43:16.961247 [debug]: Query executed on node unknown:
describe table "FPABI"."DBT_RAW"."F_GL_ENTRY"
13:43:16.964690 [debug]: Query executed on node unknown:
describe table "FPABI"."DBT_RAW"."F_PLAN"
13:43:17.025607 [debug]: Query executed on node unknown:
describe table "FPABI"."DBT_RAW"."T_ACCESS"
13:43:17.063300 [debug]: Query executed on node unknown:
describe table "FPABI"."DBT_RAW"."F_SALES_LINE"
13:43:18.057873 [info ]: Started building task graph
13:43:18.062563 [info ]: Finished building task graph [  0.00s]
13:43:18.071330 [info ]: Started rendering (31 nodes)
13:43:18.072472 [info ]: Started seed DBT_RAW.t_access
13:43:18.073544 [debug]: Started rendering seed DBT_RAW.t_access
13:43:18.074278 [info ]: Started seed DBT_RAW.f_sales_line
13:43:18.074290 [debug]: Started rendering seed DBT_RAW.f_sales_line
13:43:18.074298 [info ]: Started seed DBT_RAW.f_plan
13:43:18.074302 [debug]: Started rendering seed DBT_RAW.f_plan
13:43:18.074309 [info ]: Started seed DBT_RAW.f_gl_entry
13:43:18.074313 [debug]: Started rendering seed DBT_RAW.f_gl_entry
13:43:18.074319 [info ]: Started seed DBT_RAW.f_bank_txn
13:43:18.074322 [debug]: Started rendering seed DBT_RAW.f_bank_txn
13:43:18.074327 [info ]: Started seed DBT_RAW.f_assumption_values
13:43:18.074329 [debug]: Started rendering seed DBT_RAW.f_assumption_values
13:43:18.074334 [info ]: Started seed DBT_RAW.f_ar_invoice
13:43:18.074337 [debug]: Started rendering seed DBT_RAW.f_ar_invoice
13:43:18.074333 [info ]: Finished downloading schemas [  3.18s]
13:43:18.074342 [info ]: Started seed DBT_RAW.f_ap_invoice
13:43:18.074346 [debug]: Started rendering seed DBT_RAW.f_ap_invoice
13:43:18.074351 [info ]: Started seed DBT_RAW.dim_region
13:43:18.074355 [debug]: Started rendering seed DBT_RAW.dim_region
13:43:18.074360 [info ]: Started seed DBT_RAW.dim_product
13:43:18.074363 [debug]: Started rendering seed DBT_RAW.dim_product
13:43:18.074368 [info ]: Started seed DBT_RAW.dim_entity
13:43:18.074374 [debug]: Started rendering seed DBT_RAW.dim_entity
13:43:18.074382 [info ]: Started seed DBT_RAW.dim_date
13:43:18.074386 [debug]: Started rendering seed DBT_RAW.dim_date
13:43:18.074392 [info ]: Started seed DBT_RAW.dim_customer
13:43:18.074395 [debug]: Started rendering seed DBT_RAW.dim_customer
13:43:18.074399 [info ]: Started seed DBT_RAW.dim_cost_center
13:43:18.074402 [debug]: Started rendering seed DBT_RAW.dim_cost_center
13:43:18.074406 [info ]: Started seed DBT_RAW.dim_channel
13:43:18.074411 [debug]: Started rendering seed DBT_RAW.dim_channel
13:43:18.074419 [info ]: Started seed DBT_RAW.dim_assumption
13:43:18.074422 [debug]: Started rendering seed DBT_RAW.dim_assumption
13:43:18.074428 [info ]: Started seed DBT_RAW.dim_account
13:43:18.074431 [debug]: Started rendering seed DBT_RAW.dim_account
13:43:18.074441 [info ]: Started model DBT_STG.stg_fin_plan
13:43:18.074444 [debug]: Started rendering model DBT_STG.stg_fin_plan
13:43:18.074449 [info ]: Started model DBT_STG.stg_fin_access
13:43:18.074451 [debug]: Started rendering model DBT_STG.stg_fin_access
13:43:18.074456 [info ]: Started model DBT_CORE.dim_product_core
13:43:18.074459 [debug]: Started rendering model DBT_CORE.dim_product_core
13:43:18.074463 [info ]: Started model DBT_CORE.dim_date
13:43:18.074466 [debug]: Started rendering model DBT_CORE.dim_date
13:43:18.074470 [info ]: Started model DBT_STG.stg_nav_gl_entry
13:43:18.074473 [debug]: Started rendering model DBT_STG.stg_nav_gl_entry
13:43:18.074477 [info ]: Started model DBT_STG.stg_fin_bank_txn
13:43:18.074480 [debug]: Started rendering model DBT_STG.stg_fin_bank_txn
13:43:18.074484 [info ]: Started model DBT_STG.stg_res_sales_line
13:43:18.074486 [debug]: Started rendering model DBT_STG.stg_res_sales_line
13:43:18.074734 [info ]: Started model DBT_CORE.dim_account_core
13:43:18.074745 [debug]: Started rendering model DBT_CORE.dim_account_core
13:43:18.111610 [info ]: Started analyzing (31 nodes)
13:43:18.111646 [debug]: Started analyzing model DBT_STG.stg_fin_bank_txn
13:43:18.111901 [debug]: Finished rendering [  0.04s] model DBT_STG.stg_fin_access [success]
13:43:18.112405 [debug]: Started analyzing model DBT_STG.stg_fin_access
13:43:18.112442 [debug]: Finished rendering [  0.04s] model DBT_STG.stg_nav_gl_entry [success]
13:43:18.112458 [debug]: Started analyzing model DBT_STG.stg_nav_gl_entry
13:43:18.112473 [debug]: Started analyzing model DBT_STG.stg_res_sales_line
13:43:18.112485 [debug]: Started analyzing model DBT_CORE.dim_account_core
13:43:18.112497 [debug]: Started analyzing model DBT_STG.stg_fin_plan
13:43:18.116237 [debug]: Started analyzing model DBT_CORE.dim_product_core
13:43:18.117060 [debug]: Finished rendering [  0.04s] model DBT_CORE.dim_account_core [success]
13:43:18.117102 [debug]: Finished rendering [  0.04s] model DBT_STG.stg_res_sales_line [success]
13:43:18.117117 [debug]: Finished rendering [  0.04s] model DBT_STG.stg_fin_plan [success]
13:43:18.135248 [debug]: Finished rendering [  0.06s] seed DBT_RAW.dim_channel [success]
13:43:18.135313 [debug]: Started analyzing seed DBT_RAW.dim_channel
13:43:18.135354 [debug]: Finished rendering [  0.06s] seed DBT_RAW.t_access [success]
13:43:18.135371 [debug]: Started analyzing seed DBT_RAW.t_access
13:43:18.135388 [debug]: Finished rendering [  0.06s] seed DBT_RAW.f_assumption_values [success]
13:43:18.135399 [debug]: Started analyzing seed DBT_RAW.f_assumption_values
13:43:18.135416 [debug]: Finished rendering [  0.06s] seed DBT_RAW.dim_assumption [success]
13:43:18.135427 [debug]: Started analyzing seed DBT_RAW.dim_assumption
13:43:18.135442 [debug]: Finished rendering [  0.06s] seed DBT_RAW.dim_cost_center [success]
13:43:18.135452 [debug]: Started analyzing seed DBT_RAW.dim_cost_center
13:43:18.135519 [debug]: Finished rendering [  0.06s] seed DBT_RAW.dim_entity [success]
13:43:18.135692 [debug]: Finished rendering [  0.06s] model DBT_STG.stg_fin_bank_txn [success]
13:43:18.135553 [debug]: Started analyzing seed DBT_RAW.dim_entity
13:43:18.135754 [debug]: Finished rendering [  0.06s] seed DBT_RAW.dim_account [success]
13:43:18.135772 [debug]: Started analyzing seed DBT_RAW.dim_account
13:43:18.135797 [debug]: Finished rendering [  0.06s] seed DBT_RAW.dim_region [success]
13:43:18.135808 [debug]: Started analyzing seed DBT_RAW.dim_region
13:43:18.135823 [debug]: Finished rendering [  0.06s] seed DBT_RAW.dim_product [success]
13:43:18.135833 [debug]: Started analyzing seed DBT_RAW.dim_product
13:43:18.136872 [debug]: Finished rendering [  0.06s] seed DBT_RAW.dim_customer [success]
13:43:18.136919 [debug]: Started analyzing seed DBT_RAW.dim_customer
13:43:18.136956 [info ]:  Succeeded [  0.06s] seed  DBT_RAW.dim_cost_center (table)
13:43:18.137278 [debug]: Finished analyzing [  0.00s] seed DBT_RAW.dim_cost_center [success]
13:43:18.137317 [info ]:  Succeeded [  0.06s] seed  DBT_RAW.f_assumption_values (table)
13:43:18.137335 [debug]: Finished analyzing [  0.00s] seed DBT_RAW.f_assumption_values [success]
13:43:18.137350 [info ]:  Succeeded [  0.06s] seed  DBT_RAW.dim_assumption (table)
13:43:18.137360 [debug]: Finished analyzing [  0.00s] seed DBT_RAW.dim_assumption [success]
13:43:18.137375 [info ]:  Succeeded [  0.06s] seed  DBT_RAW.dim_product (table)
13:43:18.137385 [debug]: Finished analyzing [  0.00s] seed DBT_RAW.dim_product [success]
13:43:18.137398 [info ]:  Succeeded [  0.06s] seed  DBT_RAW.dim_region (table)
13:43:18.137407 [debug]: Finished analyzing [  0.00s] seed DBT_RAW.dim_region [success]
13:43:18.137419 [info ]:  Succeeded [  0.06s] seed  DBT_RAW.dim_channel (table)
13:43:18.137429 [debug]: Finished analyzing [  0.00s] seed DBT_RAW.dim_channel [success]
13:43:18.137441 [info ]:  Succeeded [  0.06s] seed  DBT_RAW.dim_entity (table)
13:43:18.137451 [debug]: Finished analyzing [  0.00s] seed DBT_RAW.dim_entity [success]
13:43:18.137464 [info ]:  Succeeded [  0.06s] seed  DBT_RAW.dim_account (table)
13:43:18.137473 [debug]: Finished analyzing [  0.00s] seed DBT_RAW.dim_account [success]
13:43:18.137485 [info ]:  Succeeded [  0.06s] seed  DBT_RAW.t_access (table)
13:43:18.137494 [debug]: Finished analyzing [  0.00s] seed DBT_RAW.t_access [success]
13:43:18.137521 [info ]:  Succeeded [  0.06s] seed  DBT_RAW.dim_customer (table)
13:43:18.137530 [debug]: Finished analyzing [  0.00s] seed DBT_RAW.dim_customer [success]
13:43:18.137627 [debug]: Finished rendering [  0.06s] model DBT_CORE.dim_product_core [success]
13:43:18.139280 [debug]: Finished rendering [  0.06s] seed DBT_RAW.f_plan [success]
13:43:18.139339 [debug]: Started analyzing seed DBT_RAW.f_plan
13:43:18.139385 [info ]:  Succeeded [  0.06s] seed  DBT_RAW.f_plan (table)
13:43:18.139402 [debug]: Finished analyzing [  0.00s] seed DBT_RAW.f_plan [success]
13:43:18.142964 [debug]: Finished rendering [  0.07s] seed DBT_RAW.dim_date [success]
13:43:18.143022 [debug]: Started analyzing seed DBT_RAW.dim_date
13:43:18.143090 [info ]:  Succeeded [  0.07s] seed  DBT_RAW.dim_date (table)
13:43:18.143109 [debug]: Finished analyzing [  0.00s] seed DBT_RAW.dim_date [success]
13:43:18.161635 [debug]: Finished rendering [  0.09s] seed DBT_RAW.f_gl_entry [success]
13:43:18.161695 [debug]: Started analyzing seed DBT_RAW.f_gl_entry
13:43:18.161752 [info ]:  Succeeded [  0.09s] seed  DBT_RAW.f_gl_entry (table)
13:43:18.161781 [debug]: Finished analyzing [  0.00s] seed DBT_RAW.f_gl_entry [success]
13:43:18.177198 [debug]: Finished rendering [  0.10s] seed DBT_RAW.f_ap_invoice [success]
13:43:18.177273 [debug]: Started analyzing seed DBT_RAW.f_ap_invoice
13:43:18.177330 [info ]:  Succeeded [  0.10s] seed  DBT_RAW.f_ap_invoice (table)
13:43:18.177355 [debug]: Finished analyzing [  0.00s] seed DBT_RAW.f_ap_invoice [success]
13:43:18.188896 [debug]: Finished rendering [  0.11s] seed DBT_RAW.f_bank_txn [success]
13:43:18.188943 [debug]: Started analyzing seed DBT_RAW.f_bank_txn
13:43:18.188975 [info ]:  Succeeded [  0.11s] seed  DBT_RAW.f_bank_txn (table)
13:43:18.188992 [debug]: Finished analyzing [  0.00s] seed DBT_RAW.f_bank_txn [success]
13:43:18.227025 [info ]:  Succeeded [  0.15s] model DBT_CORE.dim_product_core (table)
13:43:18.227069 [debug]: Finished analyzing [  0.11s] model DBT_CORE.dim_product_core [success]
13:43:18.227103 [info ]:  Succeeded [  0.15s] model DBT_CORE.dim_account_core (table)
13:43:18.227117 [debug]: Finished analyzing [  0.11s] model DBT_CORE.dim_account_core [success]
13:43:18.233734 [info ]:  Succeeded [  0.16s] model DBT_STG.stg_fin_plan (view)
13:43:18.233787 [debug]: Finished analyzing [  0.12s] model DBT_STG.stg_fin_plan [success]
13:43:18.233826 [info ]:  Succeeded [  0.16s] model DBT_STG.stg_fin_bank_txn (view)
13:43:18.233847 [debug]: Finished analyzing [  0.12s] model DBT_STG.stg_fin_bank_txn [success]
13:43:18.233877 [info ]: Started model DBT_MART.mart_finance__cash_inflow_13w
13:43:18.233898 [debug]: Started rendering model DBT_MART.mart_finance__cash_inflow_13w
13:43:18.235012 [info ]:  Succeeded [  0.16s] model DBT_STG.stg_res_sales_line (view)
13:43:18.235061 [debug]: Finished analyzing [  0.12s] model DBT_STG.stg_res_sales_line [success]
13:43:18.235098 [info ]: Started model DBT_CORE.fct_reservation
13:43:18.235120 [debug]: Started rendering model DBT_CORE.fct_reservation
13:43:18.237640 [debug]: Started analyzing model DBT_CORE.fct_reservation
13:43:18.237643 [debug]: Finished rendering [  0.00s] model DBT_CORE.fct_reservation [success]
13:43:18.237959 [debug]: Started analyzing model DBT_MART.mart_finance__cash_inflow_13w
13:43:18.237962 [debug]: Finished rendering [  0.00s] model DBT_MART.mart_finance__cash_inflow_13w [success]
13:43:18.239650 [info ]:  Succeeded [  0.16s] model DBT_STG.stg_fin_access (view)
13:43:18.239702 [debug]: Finished analyzing [  0.13s] model DBT_STG.stg_fin_access [success]
13:43:18.243334 [info ]:  Succeeded [  0.17s] model DBT_STG.stg_nav_gl_entry (view)
13:43:18.243385 [debug]: Finished analyzing [  0.13s] model DBT_STG.stg_nav_gl_entry [success]
13:43:18.243433 [info ]: Started model DBT_MART.mart_finance__pnl_monthly
13:43:18.243459 [debug]: Started rendering model DBT_MART.mart_finance__pnl_monthly
13:43:18.243841 [info ]: Started model DBT_MART.mart_finance__pnl_weekly
13:43:18.243876 [debug]: Started rendering model DBT_MART.mart_finance__pnl_weekly
13:43:18.247812 [debug]: Finished rendering [  0.00s] model DBT_MART.mart_finance__pnl_weekly [success]
13:43:18.248405 [debug]: Started analyzing model DBT_MART.mart_finance__pnl_weekly
13:43:18.248479 [debug]: Finished rendering [  0.01s] model DBT_MART.mart_finance__pnl_monthly [success]
13:43:18.248506 [debug]: Started analyzing model DBT_MART.mart_finance__pnl_monthly
13:43:18.253081 [info ]:  Succeeded [  0.02s] model DBT_CORE.fct_reservation (table)
13:43:18.253135 [debug]: Finished analyzing [  0.02s] model DBT_CORE.fct_reservation [success]
13:43:18.253170 [info ]: Started model DBT_MART.mart_finance__pvm_weekly
13:43:18.253190 [debug]: Started rendering model DBT_MART.mart_finance__pvm_weekly
13:43:18.253234 [info ]: Started model DBT_MART.mart_finance__pvm_monthly
13:43:18.253245 [debug]: Started rendering model DBT_MART.mart_finance__pvm_monthly
13:43:18.255965 [debug]: Finished rendering [  0.00s] model DBT_MART.mart_finance__pvm_weekly [success]
13:43:18.256038 [debug]: Started analyzing model DBT_MART.mart_finance__pvm_weekly
13:43:18.256073 [debug]: Finished rendering [  0.00s] model DBT_MART.mart_finance__pvm_monthly [success]
13:43:18.256088 [debug]: Started analyzing model DBT_MART.mart_finance__pvm_monthly
13:43:18.300061 [debug]: Finished rendering [  0.23s] seed DBT_RAW.f_ar_invoice [success]
13:43:18.300121 [debug]: Started analyzing seed DBT_RAW.f_ar_invoice
13:43:18.300182 [info ]:  Succeeded [  0.23s] seed  DBT_RAW.f_ar_invoice (table)
13:43:18.300209 [debug]: Finished analyzing [  0.00s] seed DBT_RAW.f_ar_invoice [success]
13:43:18.308203 [debug]: Finished rendering [  0.23s] seed DBT_RAW.f_sales_line [success]
13:43:18.308293 [debug]: Started analyzing seed DBT_RAW.f_sales_line
13:43:18.308370 [info ]:  Succeeded [  0.23s] seed  DBT_RAW.f_sales_line (table)
13:43:18.308398 [debug]: Finished analyzing [  0.00s] seed DBT_RAW.f_sales_line [success]
13:43:18.320263 [info ]:  Succeeded [  0.07s] model DBT_MART.mart_finance__pnl_weekly (table)
13:43:18.320316 [debug]: Finished analyzing [  0.07s] model DBT_MART.mart_finance__pnl_weekly [success]
13:43:18.320379 [info ]:  Succeeded [  0.07s] model DBT_MART.mart_finance__pvm_monthly (table)
13:43:18.320422 [debug]: Finished analyzing [  0.06s] model DBT_MART.mart_finance__pvm_monthly [success]
13:43:18.320619 [info ]:  Succeeded [  0.08s] model DBT_MART.mart_finance__pnl_monthly (table)
13:43:18.320654 [debug]: Finished analyzing [  0.07s] model DBT_MART.mart_finance__pnl_monthly [success]
13:43:18.327845 [info ]:  Succeeded [  0.07s] model DBT_MART.mart_finance__pvm_weekly (table)
13:43:18.327885 [debug]: Finished analyzing [  0.07s] model DBT_MART.mart_finance__pvm_weekly [success]
13:43:18.358273 [info ]:  Succeeded [  0.12s] model DBT_MART.mart_finance__cash_inflow_13w (table)
13:43:18.358322 [debug]: Finished analyzing [  0.12s] model DBT_MART.mart_finance__cash_inflow_13w [success]
==================== 2026-01-30T14:55:28.198034Z | 26ad04fc-fb3e-4bc2-a778-0b57b74bb135 ====================
14:55:28.198121 [info ]: Starting dbt LSP server
14:55:28.198171 [info ]: Connecting to LSP client on port 8000
14:55:28.201361 [info ]: Successfully connected to LSP client
14:55:28.201397 [info ]: Creating LSP service...
14:55:28.257365 [info ]: Creating LSP server...
14:55:28.257414 [info ]: Starting LSP server...
14:55:28.280314 [info ]: Started loading project
14:55:28.285621 [info ]: Loading profiles.yml
14:55:28.309965 [debug]:    Started loading packages
14:55:28.318670 [debug]:     Loaded [  0.01s] packages
14:55:28.318778 [debug]:    Started loading internal packages
14:55:28.336809 [debug]:     Loaded [  0.02s] internal packages
14:55:28.337235 [info ]: Started parsing
14:55:28.380779 [info ]: Finished loading project [  0.10s]
14:55:28.433606 [info ]: Finished parsing [  0.10s]
14:55:28.435652 [info ]: Cached model count updated: 14 models (estimate)
14:55:28.435678 [info ]: Cached model count updated: 14 models (accurate)
14:55:28.435839 [info ]: Started scheduling
14:55:28.436165 [info ]: Finished scheduling [  0.00s]
14:55:28.437172 [info ]: Started deferring state
14:55:28.437210 [info ]: Finished deferring state [  0.00s]
14:55:28.440026 [info ]: Started downloading schemas
14:55:28.440392 [debug]: Started downloading relations
14:55:28.440512 [debug]: Finished downloading relations [  0.00s]
14:55:28.820271 [info ]: Loading profiles.yml
14:55:29.477804 [debug]: Query executed on node unknown:
describe table "FPABI"."DBT_RAW"."DIM_ACCOUNT"
14:55:29.564888 [debug]: Query executed on node unknown:
describe table "FPABI"."DBT_RAW"."DIM_DATE"
14:55:29.581756 [debug]: Query executed on node unknown:
describe table "FPABI"."DBT_RAW"."DIM_ENTITY"
14:55:29.619527 [debug]: Query executed on node unknown:
describe table "FPABI"."DBT_RAW"."DIM_PRODUCT"
14:55:29.651926 [debug]: Query executed on node unknown:
describe table "FPABI"."DBT_RAW"."F_BANK_TXN"
14:55:29.698183 [debug]: Query executed on node unknown:
describe table "FPABI"."DBT_RAW"."F_GL_ENTRY"
14:55:29.715891 [debug]: Query executed on node unknown:
describe table "FPABI"."DBT_RAW"."F_PLAN"
14:55:29.775547 [debug]: Query executed on node unknown:
describe table "FPABI"."DBT_RAW"."F_SALES_LINE"
14:55:29.783690 [debug]: Query executed on node unknown:
describe table "FPABI"."DBT_RAW"."T_ACCESS"
14:55:30.622356 [info ]: Started building task graph
14:55:30.622771 [info ]: Finished building task graph [  0.00s]
14:55:30.623912 [info ]: Started rendering (31 nodes)
14:55:30.623961 [info ]: Started seed DBT_RAW.t_access
14:55:30.623996 [debug]: Started rendering seed DBT_RAW.t_access
14:55:30.624030 [info ]: Started seed DBT_RAW.f_sales_line
14:55:30.624037 [debug]: Started rendering seed DBT_RAW.f_sales_line
14:55:30.624044 [info ]: Started seed DBT_RAW.f_plan
14:55:30.624050 [debug]: Started rendering seed DBT_RAW.f_plan
14:55:30.624056 [info ]: Started seed DBT_RAW.f_gl_entry
14:55:30.624059 [debug]: Started rendering seed DBT_RAW.f_gl_entry
14:55:30.624064 [info ]: Started seed DBT_RAW.f_bank_txn
14:55:30.624067 [debug]: Started rendering seed DBT_RAW.f_bank_txn
14:55:30.624065 [info ]: Finished downloading schemas [  2.18s]
14:55:30.624072 [info ]: Started seed DBT_RAW.f_assumption_values
14:55:30.624078 [debug]: Started rendering seed DBT_RAW.f_assumption_values
14:55:30.624083 [info ]: Started seed DBT_RAW.f_ar_invoice
14:55:30.624086 [debug]: Started rendering seed DBT_RAW.f_ar_invoice
14:55:30.624091 [info ]: Started seed DBT_RAW.f_ap_invoice
14:55:30.624096 [debug]: Started rendering seed DBT_RAW.f_ap_invoice
14:55:30.624101 [info ]: Started seed DBT_RAW.dim_region
14:55:30.624105 [debug]: Started rendering seed DBT_RAW.dim_region
14:55:30.624110 [info ]: Started seed DBT_RAW.dim_product
14:55:30.624114 [debug]: Started rendering seed DBT_RAW.dim_product
14:55:30.624119 [info ]: Started seed DBT_RAW.dim_entity
14:55:30.624123 [debug]: Started rendering seed DBT_RAW.dim_entity
14:55:30.624129 [info ]: Started seed DBT_RAW.dim_date
14:55:30.624132 [debug]: Started rendering seed DBT_RAW.dim_date
14:55:30.624137 [info ]: Started seed DBT_RAW.dim_customer
14:55:30.624141 [debug]: Started rendering seed DBT_RAW.dim_customer
14:55:30.624146 [info ]: Started seed DBT_RAW.dim_cost_center
14:55:30.624149 [debug]: Started rendering seed DBT_RAW.dim_cost_center
14:55:30.624153 [info ]: Started seed DBT_RAW.dim_channel
14:55:30.624159 [debug]: Started rendering seed DBT_RAW.dim_channel
14:55:30.624167 [info ]: Started seed DBT_RAW.dim_assumption
14:55:30.624172 [debug]: Started rendering seed DBT_RAW.dim_assumption
14:55:30.624177 [info ]: Started seed DBT_RAW.dim_account
14:55:30.624181 [debug]: Started rendering seed DBT_RAW.dim_account
14:55:30.624194 [info ]: Started model DBT_STG.stg_fin_plan
14:55:30.624197 [debug]: Started rendering model DBT_STG.stg_fin_plan
14:55:30.624202 [info ]: Started model DBT_STG.stg_fin_access
14:55:30.624205 [debug]: Started rendering model DBT_STG.stg_fin_access
14:55:30.624211 [info ]: Started model DBT_CORE.dim_product_core
14:55:30.624216 [debug]: Started rendering model DBT_CORE.dim_product_core
14:55:30.624222 [info ]: Started model DBT_CORE.dim_date
14:55:30.624226 [debug]: Started rendering model DBT_CORE.dim_date
14:55:30.624230 [info ]: Started model DBT_STG.stg_nav_gl_entry
14:55:30.624234 [debug]: Started rendering model DBT_STG.stg_nav_gl_entry
14:55:30.624239 [info ]: Started model DBT_STG.stg_fin_bank_txn
14:55:30.624242 [debug]: Started rendering model DBT_STG.stg_fin_bank_txn
14:55:30.624248 [info ]: Started model DBT_STG.stg_res_sales_line
14:55:30.624253 [debug]: Started rendering model DBT_STG.stg_res_sales_line
14:55:30.624258 [info ]: Started model DBT_CORE.dim_account_core
14:55:30.624261 [debug]: Started rendering model DBT_CORE.dim_account_core
14:55:30.631276 [info ]: Started analyzing (31 nodes)
14:55:30.631307 [debug]: Started analyzing model DBT_STG.stg_fin_plan
14:55:30.631282 [debug]: Finished rendering [  0.01s] model DBT_STG.stg_fin_plan [success]
14:55:30.631329 [debug]: Finished rendering [  0.01s] model DBT_STG.stg_nav_gl_entry [success]
14:55:30.631346 [debug]: Started analyzing model DBT_STG.stg_nav_gl_entry
14:55:30.631357 [debug]: Finished rendering [  0.01s] model DBT_CORE.dim_product_core [success]
14:55:30.631365 [debug]: Started analyzing model DBT_CORE.dim_product_core
14:55:30.632154 [debug]: Started analyzing model DBT_CORE.dim_account_core
14:55:30.632830 [debug]: Started analyzing model DBT_STG.stg_res_sales_line
14:55:30.632863 [debug]: Finished rendering [  0.01s] model DBT_STG.stg_fin_bank_txn [success]
14:55:30.632883 [debug]: Started analyzing model DBT_STG.stg_fin_bank_txn
14:55:30.641343 [debug]: Started analyzing model DBT_STG.stg_fin_access
14:55:30.652949 [debug]: Finished rendering [  0.03s] seed DBT_RAW.dim_product [success]
14:55:30.653014 [debug]: Started analyzing seed DBT_RAW.dim_product
14:55:30.653039 [debug]: Finished rendering [  0.03s] seed DBT_RAW.dim_region [success]
14:55:30.653049 [debug]: Started analyzing seed DBT_RAW.dim_region
14:55:30.653061 [debug]: Finished rendering [  0.03s] seed DBT_RAW.f_assumption_values [success]
14:55:30.653071 [debug]: Started analyzing seed DBT_RAW.f_assumption_values
14:55:30.653127 [info ]:  Succeeded [  0.03s] seed  DBT_RAW.f_assumption_values (table)
14:55:30.653155 [debug]: Finished analyzing [  0.00s] seed DBT_RAW.f_assumption_values [success]
14:55:30.653170 [info ]:  Succeeded [  0.03s] seed  DBT_RAW.dim_product (table)
14:55:30.653177 [debug]: Finished analyzing [  0.00s] seed DBT_RAW.dim_product [success]
14:55:30.653187 [info ]:  Succeeded [  0.03s] seed  DBT_RAW.dim_region (table)
14:55:30.653194 [debug]: Finished analyzing [  0.00s] seed DBT_RAW.dim_region [success]
14:55:30.653769 [debug]: Finished rendering [  0.03s] seed DBT_RAW.dim_account [success]
14:55:30.653808 [debug]: Started analyzing seed DBT_RAW.dim_account
14:55:30.653979 [debug]: Finished rendering [  0.03s] seed DBT_RAW.dim_channel [success]
14:55:30.654001 [debug]: Started analyzing seed DBT_RAW.dim_channel
14:55:30.654018 [debug]: Finished rendering [  0.03s] seed DBT_RAW.t_access [success]
14:55:30.654029 [debug]: Started analyzing seed DBT_RAW.t_access
14:55:30.654044 [debug]: Finished rendering [  0.03s] seed DBT_RAW.dim_cost_center [success]
14:55:30.654055 [debug]: Started analyzing seed DBT_RAW.dim_cost_center
14:55:30.654084 [info ]:  Succeeded [  0.03s] seed  DBT_RAW.dim_cost_center (table)
14:55:30.654100 [debug]: Finished analyzing [  0.00s] seed DBT_RAW.dim_cost_center [success]
14:55:30.654118 [debug]: Finished rendering [  0.03s] seed DBT_RAW.dim_entity [success]
14:55:30.654129 [debug]: Started analyzing seed DBT_RAW.dim_entity
14:55:30.654133 [debug]: Finished rendering [  0.03s] model DBT_STG.stg_fin_access [success]
14:55:30.654142 [info ]:  Succeeded [  0.03s] seed  DBT_RAW.dim_channel (table)
14:55:30.654152 [debug]: Finished analyzing [  0.00s] seed DBT_RAW.dim_channel [success]
14:55:30.654161 [debug]: Finished rendering [  0.03s] model DBT_CORE.dim_account_core [success]
14:55:30.654163 [info ]:  Succeeded [  0.03s] seed  DBT_RAW.dim_account (table)
14:55:30.654175 [debug]: Finished analyzing [  0.00s] seed DBT_RAW.dim_account [success]
14:55:30.654186 [info ]:  Succeeded [  0.03s] seed  DBT_RAW.t_access (table)
14:55:30.654195 [debug]: Finished analyzing [  0.00s] seed DBT_RAW.t_access [success]
14:55:30.654211 [info ]:  Succeeded [  0.03s] seed  DBT_RAW.dim_entity (table)
14:55:30.654219 [debug]: Finished analyzing [  0.00s] seed DBT_RAW.dim_entity [success]
14:55:30.654242 [debug]: Finished rendering [  0.03s] model DBT_STG.stg_res_sales_line [success]
14:55:30.654693 [debug]: Finished rendering [  0.03s] seed DBT_RAW.dim_assumption [success]
14:55:30.658360 [debug]: Started analyzing seed DBT_RAW.dim_assumption
14:55:30.658414 [debug]: Finished rendering [  0.03s] seed DBT_RAW.dim_customer [success]
14:55:30.658430 [debug]: Started analyzing seed DBT_RAW.dim_customer
14:55:30.658475 [info ]:  Succeeded [  0.03s] seed  DBT_RAW.dim_customer (table)
14:55:30.658493 [debug]: Finished analyzing [  0.00s] seed DBT_RAW.dim_customer [success]
14:55:30.658511 [info ]:  Succeeded [  0.03s] seed  DBT_RAW.dim_assumption (table)
14:55:30.658521 [debug]: Finished analyzing [  0.00s] seed DBT_RAW.dim_assumption [success]
14:55:30.662722 [debug]: Finished rendering [  0.04s] seed DBT_RAW.f_plan [success]
14:55:30.662774 [debug]: Started analyzing seed DBT_RAW.f_plan
14:55:30.662797 [debug]: Finished rendering [  0.04s] seed DBT_RAW.dim_date [success]
14:55:30.662804 [debug]: Started analyzing seed DBT_RAW.dim_date
14:55:30.662836 [info ]:  Succeeded [  0.04s] seed  DBT_RAW.dim_date (table)
14:55:30.662847 [debug]: Finished analyzing [  0.00s] seed DBT_RAW.dim_date [success]
14:55:30.662857 [info ]:  Succeeded [  0.04s] seed  DBT_RAW.f_plan (table)
14:55:30.662866 [debug]: Finished analyzing [  0.00s] seed DBT_RAW.f_plan [success]
14:55:30.695688 [info ]:  Succeeded [  0.07s] model DBT_CORE.dim_account_core (table)
14:55:30.695737 [debug]: Finished analyzing [  0.06s] model DBT_CORE.dim_account_core [success]
14:55:30.695768 [info ]:  Succeeded [  0.07s] model DBT_CORE.dim_product_core (table)
14:55:30.695784 [debug]: Finished analyzing [  0.06s] model DBT_CORE.dim_product_core [success]
14:55:30.695977 [info ]:  Succeeded [  0.07s] model DBT_STG.stg_fin_bank_txn (view)
14:55:30.696005 [debug]: Finished analyzing [  0.06s] model DBT_STG.stg_fin_bank_txn [success]
14:55:30.696033 [info ]: Started model DBT_MART.mart_finance__cash_inflow_13w
14:55:30.696051 [debug]: Started rendering model DBT_MART.mart_finance__cash_inflow_13w
14:55:30.696247 [info ]:  Succeeded [  0.07s] model DBT_STG.stg_fin_access (view)
14:55:30.696274 [debug]: Finished analyzing [  0.05s] model DBT_STG.stg_fin_access [success]
14:55:30.696406 [info ]:  Succeeded [  0.07s] model DBT_STG.stg_fin_plan (view)
14:55:30.696478 [debug]: Finished analyzing [  0.07s] model DBT_STG.stg_fin_plan [success]
14:55:30.696539 [info ]:  Succeeded [  0.07s] model DBT_STG.stg_res_sales_line (view)
14:55:30.696565 [debug]: Finished analyzing [  0.06s] model DBT_STG.stg_res_sales_line [success]
14:55:30.696589 [info ]: Started model DBT_CORE.fct_reservation
14:55:30.696601 [debug]: Started rendering model DBT_CORE.fct_reservation
14:55:30.698089 [debug]: Started analyzing model DBT_MART.mart_finance__cash_inflow_13w
14:55:30.698092 [debug]: Finished rendering [  0.00s] model DBT_MART.mart_finance__cash_inflow_13w [success]
14:55:30.698171 [debug]: Started analyzing model DBT_CORE.fct_reservation
14:55:30.698202 [debug]: Finished rendering [  0.00s] model DBT_CORE.fct_reservation [success]
14:55:30.703642 [info ]:  Succeeded [  0.08s] model DBT_STG.stg_nav_gl_entry (view)
14:55:30.703697 [debug]: Finished analyzing [  0.07s] model DBT_STG.stg_nav_gl_entry [success]
14:55:30.703747 [info ]: Started model DBT_MART.mart_finance__pnl_weekly
14:55:30.703770 [debug]: Started rendering model DBT_MART.mart_finance__pnl_weekly
14:55:30.703793 [info ]: Started model DBT_MART.mart_finance__pnl_monthly
14:55:30.703802 [debug]: Started rendering model DBT_MART.mart_finance__pnl_monthly
14:55:30.707413 [debug]: Started analyzing model DBT_MART.mart_finance__pnl_monthly
14:55:30.707970 [debug]: Finished rendering [  0.00s] model DBT_MART.mart_finance__pnl_monthly [success]
14:55:30.709204 [debug]: Started analyzing model DBT_MART.mart_finance__pnl_weekly
14:55:30.709754 [debug]: Finished rendering [  0.01s] model DBT_MART.mart_finance__pnl_weekly [success]
14:55:30.711713 [info ]:  Succeeded [  0.01s] model DBT_CORE.fct_reservation (table)
14:55:30.711758 [debug]: Finished analyzing [  0.01s] model DBT_CORE.fct_reservation [success]
14:55:30.711792 [info ]: Started model DBT_MART.mart_finance__pvm_monthly
14:55:30.711822 [debug]: Started rendering model DBT_MART.mart_finance__pvm_monthly
14:55:30.711889 [info ]: Started model DBT_MART.mart_finance__pvm_weekly
14:55:30.711899 [debug]: Started rendering model DBT_MART.mart_finance__pvm_weekly
14:55:30.712803 [debug]: Finished rendering [  0.09s] seed DBT_RAW.f_gl_entry [success]
14:55:30.712850 [debug]: Started analyzing seed DBT_RAW.f_gl_entry
14:55:30.712903 [info ]:  Succeeded [  0.09s] seed  DBT_RAW.f_gl_entry (table)
14:55:30.712928 [debug]: Finished analyzing [  0.00s] seed DBT_RAW.f_gl_entry [success]
14:55:30.714458 [debug]: Started analyzing model DBT_MART.mart_finance__pvm_monthly
14:55:30.714555 [debug]: Started analyzing model DBT_MART.mart_finance__pvm_weekly
14:55:30.714556 [debug]: Finished rendering [  0.00s] model DBT_MART.mart_finance__pvm_monthly [success]
14:55:30.714589 [debug]: Finished rendering [  0.00s] model DBT_MART.mart_finance__pvm_weekly [success]
14:55:30.718940 [debug]: Finished rendering [  0.09s] seed DBT_RAW.f_ap_invoice [success]
14:55:30.718997 [debug]: Started analyzing seed DBT_RAW.f_ap_invoice
14:55:30.719047 [info ]:  Succeeded [  0.09s] seed  DBT_RAW.f_ap_invoice (table)
14:55:30.719070 [debug]: Finished analyzing [  0.00s] seed DBT_RAW.f_ap_invoice [success]
14:55:30.735849 [debug]: Finished rendering [  0.11s] seed DBT_RAW.f_bank_txn [success]
14:55:30.735899 [debug]: Started analyzing seed DBT_RAW.f_bank_txn
14:55:30.735938 [info ]:  Succeeded [  0.11s] seed  DBT_RAW.f_bank_txn (table)
14:55:30.735955 [debug]: Finished analyzing [  0.00s] seed DBT_RAW.f_bank_txn [success]
14:55:30.754909 [info ]:  Succeeded [  0.05s] model DBT_MART.mart_finance__pnl_weekly (table)
14:55:30.754955 [debug]: Finished analyzing [  0.05s] model DBT_MART.mart_finance__pnl_weekly [success]
14:55:30.755475 [info ]:  Succeeded [  0.05s] model DBT_MART.mart_finance__pnl_monthly (table)
14:55:30.755508 [debug]: Finished analyzing [  0.05s] model DBT_MART.mart_finance__pnl_monthly [success]
14:55:30.755590 [info ]:  Succeeded [  0.04s] model DBT_MART.mart_finance__pvm_monthly (table)
14:55:30.755599 [debug]: Finished analyzing [  0.04s] model DBT_MART.mart_finance__pvm_monthly [success]
14:55:30.776068 [info ]:  Succeeded [  0.06s] model DBT_MART.mart_finance__pvm_weekly (table)
14:55:30.776115 [debug]: Finished analyzing [  0.06s] model DBT_MART.mart_finance__pvm_weekly [success]
14:55:30.808531 [info ]:  Succeeded [  0.11s] model DBT_MART.mart_finance__cash_inflow_13w (table)
14:55:30.808569 [debug]: Finished analyzing [  0.11s] model DBT_MART.mart_finance__cash_inflow_13w [success]
14:55:30.817563 [debug]: Finished rendering [  0.19s] seed DBT_RAW.f_ar_invoice [success]
14:55:30.817644 [debug]: Started analyzing seed DBT_RAW.f_ar_invoice
14:55:30.817701 [info ]:  Succeeded [  0.19s] seed  DBT_RAW.f_ar_invoice (table)
14:55:30.817719 [debug]: Finished analyzing [  0.00s] seed DBT_RAW.f_ar_invoice [success]
14:55:30.847786 [debug]: Finished rendering [  0.22s] seed DBT_RAW.f_sales_line [success]
14:55:30.847851 [debug]: Started analyzing seed DBT_RAW.f_sales_line
14:55:30.847891 [info ]:  Succeeded [  0.22s] seed  DBT_RAW.f_sales_line (table)
14:55:30.847908 [debug]: Finished analyzing [  0.00s] seed DBT_RAW.f_sales_line [success]
==================== 2026-02-05T12:51:07.267134Z | 4fe792a2-864a-43cf-8d9f-f8d9e8c1e813 ====================
12:51:07.267426 [info ]: Starting dbt LSP server
12:51:07.267558 [info ]: Connecting to LSP client on port 8000
12:51:07.271092 [info ]: Successfully connected to LSP client
12:51:07.271131 [info ]: Creating LSP service...
12:51:07.366070 [info ]: Creating LSP server...
12:51:07.366116 [info ]: Starting LSP server...
12:51:07.774694 [info ]: Started loading project
12:51:07.787271 [info ]: Loading profiles.yml
12:51:08.008674 [debug]:    Started loading packages
12:51:08.053675 [debug]:     Loaded [  0.05s] packages
12:51:08.053787 [debug]:    Started loading internal packages
12:51:08.091739 [debug]:     Loaded [  0.04s] internal packages
12:51:08.092856 [info ]: Started parsing
12:51:08.239855 [info ]: Finished loading project [  0.47s]
12:51:08.316418 [debug]: Finished parsing models\core\dim_account_core.sql [  0.00s]
12:51:08.319211 [debug]: Finished parsing models\core\dim_date.sql [  0.00s]
12:51:08.320900 [debug]: Finished parsing models\core\dim_product_core.sql [  0.00s]
12:51:08.322296 [debug]: Finished parsing models\core\fct_reservation.sql [  0.00s]
12:51:08.324878 [debug]: Finished parsing models\marts\mart_finance__cash_inflow_13w.sql [  0.00s]
12:51:08.326688 [debug]: Finished parsing models\marts\mart_finance__pnl_monthly.sql [  0.00s]
12:51:08.328626 [debug]: Finished parsing models\marts\mart_finance__pnl_weekly.sql [  0.00s]
12:51:08.331043 [debug]: Finished parsing models\marts\mart_finance__pvm_monthly.sql [  0.00s]
12:51:08.332775 [debug]: Finished parsing models\marts\mart_finance__pvm_weekly.sql [  0.00s]
12:51:08.334673 [debug]: Finished parsing models\staging\fin\stg_fin_access.sql [  0.00s]
12:51:08.336787 [debug]: Finished parsing models\staging\fin\stg_fin_bank_txn.sql [  0.00s]
12:51:08.338880 [debug]: Finished parsing models\staging\fin\stg_fin_plan.sql [  0.00s]
12:51:08.340897 [debug]: Finished parsing models\staging\nav\stg_nav_gl_entry.sql [  0.00s]
12:51:08.361686 [debug]: Finished parsing models\staging\res\stg_res_sales_line.sql [  0.02s]
12:51:08.363821 [debug]: Finished parsing target\generic_tests\not_null_fct_reservation_product_id.sql [  0.00s]
12:51:08.365804 [debug]: Finished parsing target\generic_tests\relationships_fct_reservation_3410d5884006139a52dc87bcdbadc931.sql [  0.00s]
12:51:08.367938 [debug]: Finished parsing target\generic_tests\not_null_fct_reservation_reservation_id.sql [  0.00s]
12:51:08.369876 [debug]: Finished parsing target\generic_tests\unique_fct_reservation_reservation_id.sql [  0.00s]
12:51:08.371843 [debug]: Finished parsing target\generic_tests\not_null_mart_finance__cash_inflow_13w_forecast_cash_inflow.sql [  0.00s]
12:51:08.373839 [debug]: Finished parsing target\generic_tests\not_null_mart_finance__cash_inflow_13w_week_start.sql [  0.00s]
12:51:08.375760 [debug]: Finished parsing target\generic_tests\not_null_mart_finance__pnl_weekly_entity_id.sql [  0.00s]
12:51:08.382489 [debug]: Finished parsing target\generic_tests\not_null_mart_finance__pnl_weekly_week_start.sql [  0.01s]
12:51:08.384222 [info ]: Finished parsing [  0.29s]
12:51:08.388540 [info ]: Cached model count updated: 14 models (estimate)
12:51:08.388579 [info ]: Cached model count updated: 14 models (accurate)
12:51:08.388808 [info ]: Started scheduling
12:51:08.389788 [info ]: Finished scheduling [  0.00s]
12:51:08.390273 [debug]: Initializing schema store with entry: Frontier(CanonicalFqn { catalog: "FPABI", schema: "DBT_RAW", table: "F_BANK_TXN" }) and interval: None
12:51:08.390464 [debug]: Initializing schema store with entry: Frontier(CanonicalFqn { catalog: "FPABI", schema: "DBT_RAW", table: "F_SALES_LINE" }) and interval: None
12:51:08.390562 [debug]: Initializing schema store with entry: Frontier(CanonicalFqn { catalog: "FPABI", schema: "DBT_RAW", table: "F_GL_ENTRY" }) and interval: None
12:51:08.390630 [debug]: Initializing schema store with entry: Frontier(CanonicalFqn { catalog: "FPABI", schema: "DBT_RAW", table: "DIM_ACCOUNT" }) and interval: None
12:51:08.390693 [debug]: Initializing schema store with entry: Frontier(CanonicalFqn { catalog: "FPABI", schema: "DBT_RAW", table: "T_ACCESS" }) and interval: None
12:51:08.390745 [debug]: Initializing schema store with entry: Frontier(CanonicalFqn { catalog: "FPABI", schema: "DBT_RAW", table: "DIM_ENTITY" }) and interval: None
12:51:08.390794 [debug]: Initializing schema store with entry: Frontier(CanonicalFqn { catalog: "FPABI", schema: "DBT_RAW", table: "DIM_DATE" }) and interval: None
12:51:08.390843 [debug]: Initializing schema store with entry: Frontier(CanonicalFqn { catalog: "FPABI", schema: "DBT_RAW", table: "DIM_PRODUCT" }) and interval: None
12:51:08.390915 [debug]: Initializing schema store with entry: Frontier(CanonicalFqn { catalog: "FPABI", schema: "DBT_RAW", table: "F_PLAN" }) and interval: None
12:51:08.392350 [info ]: Loading profiles.yml
12:51:08.393076 [info ]: Started deferring state
12:51:08.393152 [info ]: Finished deferring state [  0.00s]
12:51:08.398296 [info ]: Started downloading schemas
12:51:08.398603 [debug]: Started downloading relations
12:51:08.398832 [debug]: Finished downloading relations [  0.00s]
12:51:08.398932 [info ]: Finished downloading schemas [  0.00s]
12:51:08.780187 [info ]: Started building task graph
12:51:08.780967 [info ]: Finished building task graph [  0.00s]
12:51:08.781619 [info ]: Started rendering (31 nodes)
12:51:08.781728 [info ]: Started seed DBT_RAW.t_access
12:51:08.781852 [debug]: Started rendering seed DBT_RAW.t_access
12:51:08.781920 [info ]: Started seed DBT_RAW.f_sales_line
12:51:08.781933 [debug]: Started rendering seed DBT_RAW.f_sales_line
12:51:08.781953 [info ]: Started seed DBT_RAW.f_plan
12:51:08.781960 [debug]: Started rendering seed DBT_RAW.f_plan
12:51:08.781969 [info ]: Started seed DBT_RAW.f_gl_entry
12:51:08.781978 [debug]: Started rendering seed DBT_RAW.f_gl_entry
12:51:08.781987 [info ]: Started seed DBT_RAW.f_bank_txn
12:51:08.781992 [debug]: Started rendering seed DBT_RAW.f_bank_txn
12:51:08.782001 [info ]: Started seed DBT_RAW.f_assumption_values
12:51:08.782008 [debug]: Started rendering seed DBT_RAW.f_assumption_values
12:51:08.782017 [info ]: Started seed DBT_RAW.f_ar_invoice
12:51:08.782023 [debug]: Started rendering seed DBT_RAW.f_ar_invoice
12:51:08.782031 [info ]: Started seed DBT_RAW.f_ap_invoice
12:51:08.782037 [debug]: Started rendering seed DBT_RAW.f_ap_invoice
12:51:08.782052 [info ]: Started seed DBT_RAW.dim_region
12:51:08.782065 [debug]: Started rendering seed DBT_RAW.dim_region
12:51:08.782078 [info ]: Started seed DBT_RAW.dim_product
12:51:08.782090 [debug]: Started rendering seed DBT_RAW.dim_product
12:51:08.782277 [info ]: Started seed DBT_RAW.dim_entity
12:51:08.782304 [debug]: Started rendering seed DBT_RAW.dim_entity
12:51:08.782332 [info ]: Started seed DBT_RAW.dim_date
12:51:08.782343 [debug]: Started rendering seed DBT_RAW.dim_date
12:51:08.782362 [info ]: Started seed DBT_RAW.dim_customer
12:51:08.782379 [debug]: Started rendering seed DBT_RAW.dim_customer
12:51:08.782408 [info ]: Started seed DBT_RAW.dim_cost_center
12:51:08.782417 [debug]: Started rendering seed DBT_RAW.dim_cost_center
12:51:08.782434 [info ]: Started seed DBT_RAW.dim_channel
12:51:08.782455 [debug]: Started rendering seed DBT_RAW.dim_channel
12:51:08.782480 [info ]: Started seed DBT_RAW.dim_assumption
12:51:08.782496 [debug]: Started rendering seed DBT_RAW.dim_assumption
12:51:08.782511 [info ]: Started seed DBT_RAW.dim_account
12:51:08.782520 [debug]: Started rendering seed DBT_RAW.dim_account
12:51:08.819312 [debug]: Finished rendering [  0.04s] seed DBT_RAW.dim_assumption [success]
12:51:08.819521 [info ]: Started analyzing (31 nodes)
12:51:08.819557 [debug]: Started analyzing seed DBT_RAW.dim_assumption
12:51:08.819761 [info ]:  Succeeded [  0.04s] seed  DBT_RAW.dim_assumption (table)
12:51:08.819815 [debug]: Finished analyzing [  0.00s] seed DBT_RAW.dim_assumption [success]
12:51:08.820060 [debug]: Finished rendering [  0.04s] seed DBT_RAW.f_assumption_values [success]
12:51:08.820112 [debug]: Started analyzing seed DBT_RAW.f_assumption_values
12:51:08.820158 [info ]:  Succeeded [  0.04s] seed  DBT_RAW.f_assumption_values (table)
12:51:08.820180 [debug]: Finished analyzing [  0.00s] seed DBT_RAW.f_assumption_values [success]
12:51:08.821269 [debug]: Finished rendering [  0.04s] seed DBT_RAW.dim_account [success]
12:51:08.821325 [debug]: Started analyzing seed DBT_RAW.dim_account
12:51:08.821378 [info ]:  Succeeded [  0.04s] seed  DBT_RAW.dim_account (table)
12:51:08.821407 [debug]: Finished analyzing [  0.00s] seed DBT_RAW.dim_account [success]
12:51:08.821461 [info ]: Started model DBT_CORE.dim_account_core
12:51:08.821476 [debug]: Started rendering model DBT_CORE.dim_account_core
12:51:08.821545 [debug]: Finished rendering [  0.04s] seed DBT_RAW.t_access [success]
12:51:08.821577 [debug]: Started analyzing seed DBT_RAW.t_access
12:51:08.821617 [info ]:  Succeeded [  0.04s] seed  DBT_RAW.t_access (table)
12:51:08.821637 [debug]: Finished analyzing [  0.00s] seed DBT_RAW.t_access [success]
12:51:08.821660 [info ]: Started model DBT_STG.stg_fin_access
12:51:08.821674 [debug]: Started rendering model DBT_STG.stg_fin_access
12:51:08.824318 [debug]: Finished rendering [  0.04s] seed DBT_RAW.dim_channel [success]
12:51:08.824383 [debug]: Started analyzing seed DBT_RAW.dim_channel
12:51:08.824449 [info ]:  Succeeded [  0.04s] seed  DBT_RAW.dim_channel (table)
12:51:08.824476 [debug]: Finished analyzing [  0.00s] seed DBT_RAW.dim_channel [success]
12:51:08.825352 [debug]: Finished rendering [  0.04s] seed DBT_RAW.dim_region [success]
12:51:08.825415 [debug]: Started analyzing seed DBT_RAW.dim_region
12:51:08.825460 [debug]: Finished rendering [  0.04s] seed DBT_RAW.dim_cost_center [success]
12:51:08.825479 [debug]: Started analyzing seed DBT_RAW.dim_cost_center
12:51:08.825518 [debug]: Finished rendering [  0.04s] seed DBT_RAW.dim_product [success]
12:51:08.825534 [debug]: Started analyzing seed DBT_RAW.dim_product
12:51:08.825566 [info ]:  Succeeded [  0.04s] seed  DBT_RAW.dim_region (table)
12:51:08.825596 [debug]: Finished analyzing [  0.00s] seed DBT_RAW.dim_region [success]
12:51:08.825615 [debug]: Finished rendering [  0.04s] seed DBT_RAW.dim_entity [success]
12:51:08.825633 [debug]: Started analyzing seed DBT_RAW.dim_entity
12:51:08.825651 [info ]:  Succeeded [  0.04s] seed  DBT_RAW.dim_cost_center (table)
12:51:08.825672 [debug]: Finished analyzing [  0.00s] seed DBT_RAW.dim_cost_center [success]
12:51:08.825916 [info ]:  Succeeded [  0.04s] seed  DBT_RAW.dim_product (table)
12:51:08.825963 [debug]: Finished analyzing [  0.00s] seed DBT_RAW.dim_product [success]
12:51:08.826006 [info ]: Started model DBT_CORE.dim_product_core
12:51:08.826040 [debug]: Started rendering model DBT_CORE.dim_product_core
12:51:08.826078 [info ]:  Succeeded [  0.04s] seed  DBT_RAW.dim_entity (table)
12:51:08.826103 [debug]: Finished analyzing [  0.00s] seed DBT_RAW.dim_entity [success]
12:51:08.827420 [debug]: Finished rendering [  0.05s] seed DBT_RAW.dim_customer [success]
12:51:08.827488 [debug]: Started analyzing seed DBT_RAW.dim_customer
12:51:08.827551 [info ]:  Succeeded [  0.04s] seed  DBT_RAW.dim_customer (table)
12:51:08.827582 [debug]: Finished analyzing [  0.00s] seed DBT_RAW.dim_customer [success]
12:51:08.828950 [debug]: Finished rendering [  0.01s] model DBT_STG.stg_fin_access [success]
12:51:08.828957 [debug]: Started analyzing model DBT_STG.stg_fin_access
12:51:08.829027 [debug]: Finished rendering [  0.05s] seed DBT_RAW.dim_date [success]
12:51:08.829063 [debug]: Started analyzing seed DBT_RAW.dim_date
12:51:08.829120 [info ]:  Succeeded [  0.05s] seed  DBT_RAW.dim_date (table)
12:51:08.829147 [debug]: Finished analyzing [  0.00s] seed DBT_RAW.dim_date [success]
12:51:08.829170 [info ]: Started model DBT_CORE.dim_date
12:51:08.829205 [debug]: Started rendering model DBT_CORE.dim_date
12:51:08.829732 [debug]: Finished rendering [  0.05s] seed DBT_RAW.f_plan [success]
12:51:08.829795 [debug]: Started analyzing seed DBT_RAW.f_plan
12:51:08.829852 [info ]:  Succeeded [  0.05s] seed  DBT_RAW.f_plan (table)
12:51:08.830045 [debug]: Finished analyzing [  0.00s] seed DBT_RAW.f_plan [success]
12:51:08.830077 [info ]: Started model DBT_STG.stg_fin_plan
12:51:08.830102 [debug]: Started rendering model DBT_STG.stg_fin_plan
12:51:08.834555 [debug]: Finished rendering [  0.01s] model DBT_CORE.dim_product_core [success]
12:51:08.834564 [debug]: Started analyzing model DBT_CORE.dim_product_core
12:51:08.834864 [debug]: Finished rendering [  0.01s] model DBT_CORE.dim_account_core [success]
12:51:08.834950 [debug]: Started analyzing model DBT_CORE.dim_account_core
12:51:08.835387 [debug]: Started analyzing model DBT_STG.stg_fin_plan
12:51:08.835402 [debug]: Finished rendering [  0.01s] model DBT_STG.stg_fin_plan [success]
12:51:08.925792 [debug]: Finished rendering [  0.14s] seed DBT_RAW.f_gl_entry [success]
12:51:08.925857 [debug]: Started analyzing seed DBT_RAW.f_gl_entry
12:51:08.925909 [info ]:  Succeeded [  0.14s] seed  DBT_RAW.f_gl_entry (table)
12:51:08.925931 [debug]: Finished analyzing [  0.00s] seed DBT_RAW.f_gl_entry [success]
12:51:08.925951 [info ]: Started model DBT_STG.stg_nav_gl_entry
12:51:08.925963 [debug]: Started rendering model DBT_STG.stg_nav_gl_entry
12:51:08.930720 [debug]: Started analyzing model DBT_STG.stg_nav_gl_entry
12:51:08.931293 [debug]: Finished rendering [  0.01s] model DBT_STG.stg_nav_gl_entry [success]
12:51:08.933198 [info ]:  Succeeded [  0.11s] model DBT_CORE.dim_product_core (table)
12:51:08.933248 [debug]: Finished analyzing [  0.10s] model DBT_CORE.dim_product_core [success]
12:51:08.936573 [info ]:  Succeeded [  0.11s] model DBT_CORE.dim_account_core (table)
12:51:08.936636 [debug]: Finished analyzing [  0.10s] model DBT_CORE.dim_account_core [success]
12:51:08.937565 [info ]:  Succeeded [  0.12s] model DBT_STG.stg_fin_access (view)
12:51:08.937610 [debug]: Finished analyzing [  0.11s] model DBT_STG.stg_fin_access [success]
12:51:08.938331 [info ]:  Succeeded [  0.11s] model DBT_STG.stg_fin_plan (view)
12:51:08.938423 [debug]: Finished analyzing [  0.10s] model DBT_STG.stg_fin_plan [success]
12:51:08.946667 [info ]:  Succeeded [  0.02s] model DBT_STG.stg_nav_gl_entry (view)
12:51:08.946722 [debug]: Finished analyzing [  0.02s] model DBT_STG.stg_nav_gl_entry [success]
12:51:08.946762 [info ]: Started model DBT_MART.mart_finance__pnl_weekly
12:51:08.946800 [debug]: Started rendering model DBT_MART.mart_finance__pnl_weekly
12:51:08.946836 [info ]: Started model DBT_MART.mart_finance__pnl_monthly
12:51:08.946851 [debug]: Started rendering model DBT_MART.mart_finance__pnl_monthly
12:51:08.952679 [debug]: Started analyzing model DBT_MART.mart_finance__pnl_monthly
12:51:08.952823 [debug]: Started analyzing model DBT_MART.mart_finance__pnl_weekly
12:51:08.954128 [debug]: Finished rendering [  0.01s] model DBT_MART.mart_finance__pnl_weekly [success]
12:51:08.954724 [debug]: Finished rendering [  0.01s] model DBT_MART.mart_finance__pnl_monthly [success]
12:51:08.968038 [debug]: Finished rendering [  0.19s] seed DBT_RAW.f_ap_invoice [success]
12:51:08.968110 [debug]: Started analyzing seed DBT_RAW.f_ap_invoice
12:51:08.968168 [info ]:  Succeeded [  0.18s] seed  DBT_RAW.f_ap_invoice (table)
12:51:08.968195 [debug]: Finished analyzing [  0.00s] seed DBT_RAW.f_ap_invoice [success]
12:51:08.970663 [debug]: Finished rendering [  0.19s] seed DBT_RAW.f_bank_txn [success]
12:51:08.970785 [debug]: Started analyzing seed DBT_RAW.f_bank_txn
12:51:08.970888 [info ]:  Succeeded [  0.19s] seed  DBT_RAW.f_bank_txn (table)
12:51:08.970927 [debug]: Finished analyzing [  0.00s] seed DBT_RAW.f_bank_txn [success]
12:51:08.970955 [info ]: Started model DBT_STG.stg_fin_bank_txn
12:51:08.970978 [debug]: Started rendering model DBT_STG.stg_fin_bank_txn
12:51:08.974148 [debug]: Finished rendering [  0.00s] model DBT_STG.stg_fin_bank_txn [success]
12:51:08.974208 [debug]: Started analyzing model DBT_STG.stg_fin_bank_txn
12:51:08.978480 [info ]:  Succeeded [  0.01s] model DBT_STG.stg_fin_bank_txn (view)
12:51:08.978543 [debug]: Finished analyzing [  0.00s] model DBT_STG.stg_fin_bank_txn [success]
12:51:08.978585 [info ]: Started model DBT_MART.mart_finance__cash_inflow_13w
12:51:08.978605 [debug]: Started rendering model DBT_MART.mart_finance__cash_inflow_13w
12:51:08.982114 [debug]: Started analyzing model DBT_MART.mart_finance__cash_inflow_13w
12:51:08.982109 [debug]: Finished rendering [  0.00s] model DBT_MART.mart_finance__cash_inflow_13w [success]
12:51:09.031212 [info ]:  Succeeded [  0.08s] model DBT_MART.mart_finance__pnl_monthly (table)
12:51:09.031376 [debug]: Finished analyzing [  0.08s] model DBT_MART.mart_finance__pnl_monthly [success]
12:51:09.039892 [info ]:  Succeeded [  0.09s] model DBT_MART.mart_finance__pnl_weekly (table)
12:51:09.039953 [debug]: Finished analyzing [  0.09s] model DBT_MART.mart_finance__pnl_weekly [success]
12:51:09.157103 [debug]: Finished rendering [  0.38s] seed DBT_RAW.f_ar_invoice [success]
12:51:09.157173 [debug]: Started analyzing seed DBT_RAW.f_ar_invoice
12:51:09.157226 [info ]:  Succeeded [  0.38s] seed  DBT_RAW.f_ar_invoice (table)
12:51:09.157250 [debug]: Finished analyzing [  0.00s] seed DBT_RAW.f_ar_invoice [success]
12:51:09.160133 [info ]:  Succeeded [  0.18s] model DBT_MART.mart_finance__cash_inflow_13w (table)
12:51:09.160196 [debug]: Finished analyzing [  0.18s] model DBT_MART.mart_finance__cash_inflow_13w [success]
12:51:09.218882 [debug]: Finished rendering [  0.44s] seed DBT_RAW.f_sales_line [success]
12:51:09.218969 [debug]: Started analyzing seed DBT_RAW.f_sales_line
12:51:09.219036 [info ]:  Succeeded [  0.44s] seed  DBT_RAW.f_sales_line (table)
12:51:09.219066 [debug]: Finished analyzing [  0.00s] seed DBT_RAW.f_sales_line [success]
12:51:09.219090 [info ]: Started model DBT_STG.stg_res_sales_line
12:51:09.219109 [debug]: Started rendering model DBT_STG.stg_res_sales_line
12:51:09.223798 [debug]: Finished rendering [  0.00s] model DBT_STG.stg_res_sales_line [success]
12:51:09.223802 [debug]: Started analyzing model DBT_STG.stg_res_sales_line
12:51:09.230017 [info ]:  Succeeded [  0.01s] model DBT_STG.stg_res_sales_line (view)
12:51:09.230075 [debug]: Finished analyzing [  0.01s] model DBT_STG.stg_res_sales_line [success]
12:51:09.230116 [info ]: Started model DBT_CORE.fct_reservation
12:51:09.230142 [debug]: Started rendering model DBT_CORE.fct_reservation
12:51:09.233235 [debug]: Started analyzing model DBT_CORE.fct_reservation
12:51:09.233235 [debug]: Finished rendering [  0.00s] model DBT_CORE.fct_reservation [success]
12:51:09.243175 [info ]:  Succeeded [  0.01s] model DBT_CORE.fct_reservation (table)
12:51:09.243224 [debug]: Finished analyzing [  0.01s] model DBT_CORE.fct_reservation [success]
12:51:09.243270 [info ]: Started model DBT_MART.mart_finance__pvm_monthly
12:51:09.243283 [debug]: Started rendering model DBT_MART.mart_finance__pvm_monthly
12:51:09.243413 [info ]: Started model DBT_MART.mart_finance__pvm_weekly
12:51:09.243449 [debug]: Started rendering model DBT_MART.mart_finance__pvm_weekly
12:51:09.246358 [debug]: Finished rendering [  0.00s] model DBT_MART.mart_finance__pvm_weekly [success]
12:51:09.246419 [debug]: Started analyzing model DBT_MART.mart_finance__pvm_weekly
12:51:09.246455 [debug]: Finished rendering [  0.00s] model DBT_MART.mart_finance__pvm_monthly [success]
12:51:09.246480 [debug]: Started analyzing model DBT_MART.mart_finance__pvm_monthly
12:51:09.255443 [info ]:  Succeeded [  0.01s] model DBT_MART.mart_finance__pvm_monthly (table)
12:51:09.255493 [debug]: Finished analyzing [  0.01s] model DBT_MART.mart_finance__pvm_monthly [success]
12:51:09.290612 [info ]:  Succeeded [  0.05s] model DBT_MART.mart_finance__pvm_weekly (table)
12:51:09.290663 [debug]: Finished analyzing [  0.04s] model DBT_MART.mart_finance__pvm_weekly [success]
