dbt-fusion 2.0.0-preview.32
   Loading profiles.yml
 Debugging profile: dev
 Debugging dbt version: 2.0.0-preview.32
 Debugging platform: windows x86_64 (windows)
 Debugging adapter type: snowflake (remote)
 Debugging dependencies:
  git: OK
 Debugging connection:
  "client_session_keep_alive": false,
  "account": "ctqlryr-ea47137",
  "user": "DBT_USER",
  "database": "FPABI",
  "warehouse": "FPABI_WH",
  "schema": "DBT",
  "role": "FPABI_DBT_ROLE"
 Debugging connection test: OK
  Debugged All checks passed!
  Finished 'debug' target 'dev' in 1s 160ms
New version available 2.0.0-preview.102 (run `dbt system update`)
